<?xml version="1.0" encoding="UTF-8"?>
<!-- Generated by org.testng.reporters.JUnitReportReporter -->
<testsuite hostname="DESKTOP-ETDH1SC" failures="1" tests="1" name="com.partycity.runner.TestRunnerRerun" time="17.084" errors="0" timestamp="2023-04-18T17:58:05 IST" skipped="0">
  <testcase classname="com.partycity.runner.TestRunnerRerun" name="runScenario" time="17.084">
    <failure message="expected [https://www.partycity.com/account?registration=false] but found [https://www.partycity.com/account-login]" type="java.lang.AssertionError">
      <![CDATA[java.lang.AssertionError: expected [https://www.partycity.com/account?registration=false] but found [https://www.partycity.com/account-login]
at org.testng.Assert.fail(Assert.java:99)
at org.testng.Assert.failNotEquals(Assert.java:1037)
at org.testng.Assert.assertEqualsImpl(Assert.java:140)
at org.testng.Assert.assertEquals(Assert.java:122)
at org.testng.Assert.assertEquals(Assert.java:629)
at org.testng.Assert.assertEquals(Assert.java:639)
at com.partycity.stepDefinition.LoginPageTestSteps.i_should_be_redirected_to_the_account_page(LoginPageTestSteps.java:65)
at âœ½.I should be redirected to the account page "https://www.partycity.com/account?registration=false"(file:///C:/Users/shakthi/git/PartyCity/src/test/resources/feature/account-login.feature:15)
]]>
    </failure>
  </testcase> <!-- runScenario -->
  <system-out/>
</testsuite> <!-- com.partycity.runner.TestRunnerRerun -->
