<?xml version="1.0" encoding="UTF-8"?>
<!-- Generated by org.testng.reporters.JUnitReportReporter -->
<testsuite hostname="DESKTOP-ETDH1SC" failures="0" tests="8" name="com.partycity.runner.TestRunner" time="7.487" errors="1" timestamp="2023-04-12T17:27:41 IST" skipped="0">
  <testcase classname="com.partycity.runner.TestRunner" name="runScenario" time="0.858"/>
  <system-out/>
  <testcase classname="com.partycity.runner.TestRunner" name="runScenario" time="0.932"/>
  <system-out/>
  <testcase classname="com.partycity.runner.TestRunner" name="runScenario" time="0.860"/>
  <system-out/>
  <testcase classname="com.partycity.runner.TestRunner" name="runScenario" time="0.895"/>
  <system-out/>
  <testcase classname="com.partycity.runner.TestRunner" name="runScenario" time="0.910"/>
  <system-out/>
  <testcase classname="com.partycity.runner.TestRunner" name="runScenario" time="0.900"/>
  <system-out/>
  <testcase classname="com.partycity.runner.TestRunner" name="runScenario" time="1.277">
    <error message="Cannot invoke &quot;com.partycity.dataprovider.ConfigExcelFileReader.getRowTestData(String, String)&quot; because &quot;com.partycity.stepDefinition.LoginPageTestSteps.reader&quot; is null" type="java.lang.NullPointerException">
      <![CDATA[java.lang.NullPointerException: Cannot invoke "com.partycity.dataprovider.ConfigExcelFileReader.getRowTestData(String, String)" because "com.partycity.stepDefinition.LoginPageTestSteps.reader" is null
at com.partycity.stepDefinition.LoginPageTestSteps.i_enter_my_valid_username_and_password(LoginPageTestSteps.java:46)
at âœ½.I enter my valid username and password(file:///C:/Users/shakthi/git/PartyCity/src/test/resources/feature/account-login.feature:9)
]]>
    </error>
  </testcase> <!-- runScenario -->
  <system-out/>
  <testcase classname="com.partycity.runner.TestRunner" name="runScenario" time="0.855"/>
  <system-out/>
</testsuite> <!-- com.partycity.runner.TestRunner -->
